<?xml version="1.0" encoding="UTF-8"?>
<testsuite name="com.suuding.springboot.web.IndexControllerTest" tests="1" skipped="0" failures="0" errors="0" timestamp="2023-02-01T07:09:02" hostname="LAPTOP-DQO2HSF8" time="0.201">
  <properties/>
  <testcase name="메인페이지_로딩" classname="com.suuding.springboot.web.IndexControllerTest" time="0.201"/>
  <system-out><![CDATA[2023-02-01 16:09:00.383  INFO 15624 --- [    Test worker] .b.t.c.SpringBootTestContextBootstrapper : Neither @ContextConfiguration nor @ContextHierarchy found for test class [com.suuding.springboot.web.IndexControllerTest], using SpringBootContextLoader
2023-02-01 16:09:00.384  INFO 15624 --- [    Test worker] o.s.t.c.support.AbstractContextLoader    : Could not detect default resource locations for test class [com.suuding.springboot.web.IndexControllerTest]: no resource found for suffixes {-context.xml, Context.groovy}.
2023-02-01 16:09:00.385  INFO 15624 --- [    Test worker] t.c.s.AnnotationConfigContextLoaderUtils : Could not detect default configuration classes for test class [com.suuding.springboot.web.IndexControllerTest]: IndexControllerTest does not declare any static, non-private, non-final, nested classes annotated with @Configuration.
2023-02-01 16:09:00.386  INFO 15624 --- [    Test worker] .b.t.c.SpringBootTestContextBootstrapper : Found @SpringBootConfiguration com.suuding.springboot.Application for test class com.suuding.springboot.web.IndexControllerTest
2023-02-01 16:09:00.387  INFO 15624 --- [    Test worker] .b.t.c.SpringBootTestContextBootstrapper : Loaded default TestExecutionListener class names from location [META-INF/spring.factories]: [org.springframework.security.test.context.support.WithSecurityContextTestExecutionListener, org.springframework.security.test.context.support.ReactorContextTestExecutionListener, org.springframework.boot.test.autoconfigure.restdocs.RestDocsTestExecutionListener, org.springframework.boot.test.autoconfigure.web.client.MockRestServiceServerResetTestExecutionListener, org.springframework.boot.test.autoconfigure.web.servlet.MockMvcPrintOnlyOnFailureTestExecutionListener, org.springframework.boot.test.autoconfigure.web.servlet.WebDriverTestExecutionListener, org.springframework.boot.test.mock.mockito.MockitoTestExecutionListener, org.springframework.boot.test.mock.mockito.ResetMocksTestExecutionListener, org.springframework.test.context.web.ServletTestExecutionListener, org.springframework.test.context.support.DirtiesContextBeforeModesTestExecutionListener, org.springframework.test.context.support.DependencyInjectionTestExecutionListener, org.springframework.test.context.support.DirtiesContextTestExecutionListener, org.springframework.test.context.transaction.TransactionalTestExecutionListener, org.springframework.test.context.jdbc.SqlScriptsTestExecutionListener]
2023-02-01 16:09:00.389  INFO 15624 --- [    Test worker] .b.t.c.SpringBootTestContextBootstrapper : Using TestExecutionListeners: [org.springframework.test.context.web.ServletTestExecutionListener@2c3f3093, org.springframework.test.context.support.DirtiesContextBeforeModesTestExecutionListener@3ce7b977, org.springframework.boot.test.mock.mockito.MockitoTestExecutionListener@393a68fc, org.springframework.boot.test.autoconfigure.SpringBootDependencyInjectionTestExecutionListener@4ccd1670, org.springframework.test.context.support.DirtiesContextTestExecutionListener@19230cd2, org.springframework.test.context.transaction.TransactionalTestExecutionListener@188e2280, org.springframework.test.context.jdbc.SqlScriptsTestExecutionListener@7299c4e5, org.springframework.security.test.context.support.WithSecurityContextTestExecutionListener@56c33250, org.springframework.security.test.context.support.ReactorContextTestExecutionListener@5787f1c6, org.springframework.boot.test.autoconfigure.restdocs.RestDocsTestExecutionListener@3ef45394, org.springframework.boot.test.autoconfigure.web.client.MockRestServiceServerResetTestExecutionListener@2760643, org.springframework.boot.test.autoconfigure.web.servlet.MockMvcPrintOnlyOnFailureTestExecutionListener@4de8e5ef, org.springframework.boot.test.autoconfigure.web.servlet.WebDriverTestExecutionListener@25093455, org.springframework.boot.test.mock.mockito.ResetMocksTestExecutionListener@39fdab93]

  .   ____          _            __ _ _
 /\\ / ___'_ __ _ _(_)_ __  __ _ \ \ \ \
( ( )\___ | '_ | '_| | '_ \/ _` | \ \ \ \
 \\/  ___)| |_)| | | | | || (_| |  ) ) ) )
  '  |____| .__|_| |_|_| |_\__, | / / / /
 =========|_|==============|___/=/_/_/_/
 :: Spring Boot ::        (v2.1.7.RELEASE)

2023-02-01 16:09:00.437  INFO 15624 --- [    Test worker] c.s.springboot.web.IndexControllerTest   : Starting IndexControllerTest on LAPTOP-DQO2HSF8 with PID 15624 (started by 82104 in C:\Users\82104\Desktop\정컴\2023_4학년\겨울방학\webpage)
2023-02-01 16:09:00.437  INFO 15624 --- [    Test worker] c.s.springboot.web.IndexControllerTest   : No active profile set, falling back to default profiles: default
2023-02-01 16:09:00.755  INFO 15624 --- [    Test worker] .s.d.r.c.RepositoryConfigurationDelegate : Bootstrapping Spring Data repositories in DEFAULT mode.
2023-02-01 16:09:00.805  INFO 15624 --- [    Test worker] .s.d.r.c.RepositoryConfigurationDelegate : Finished Spring Data repository scanning in 50ms. Found 2 repository interfaces.
2023-02-01 16:09:00.914  INFO 15624 --- [    Test worker] trationDelegate$BeanPostProcessorChecker : Bean 'org.springframework.transaction.annotation.ProxyTransactionManagementConfiguration' of type [org.springframework.transaction.annotation.ProxyTransactionManagementConfiguration$$EnhancerBySpringCGLIB$$a55a5dfc] is not eligible for getting processed by all BeanPostProcessors (for example: not eligible for auto-proxying)
2023-02-01 16:09:01.224  INFO 15624 --- [    Test worker] o.s.b.w.embedded.tomcat.TomcatWebServer  : Tomcat initialized with port(s): 0 (http)
2023-02-01 16:09:01.259  INFO 15624 --- [    Test worker] o.apache.catalina.core.StandardService   : Starting service [Tomcat]
2023-02-01 16:09:01.261  INFO 15624 --- [    Test worker] org.apache.catalina.core.StandardEngine  : Starting Servlet engine: [Apache Tomcat/9.0.22]
2023-02-01 16:09:01.505  INFO 15624 --- [    Test worker] o.a.c.c.C.[Tomcat].[localhost].[/]       : Initializing Spring embedded WebApplicationContext
2023-02-01 16:09:01.505  INFO 15624 --- [    Test worker] o.s.web.context.ContextLoader            : Root WebApplicationContext: initialization completed in 1065 ms
2023-02-01 16:09:01.714  INFO 15624 --- [    Test worker] com.zaxxer.hikari.HikariDataSource       : HikariPool-2 - Starting...
2023-02-01 16:09:01.714  INFO 15624 --- [    Test worker] com.zaxxer.hikari.HikariDataSource       : HikariPool-2 - Start completed.
2023-02-01 16:09:01.761  INFO 15624 --- [    Test worker] o.hibernate.jpa.internal.util.LogHelper  : HHH000204: Processing PersistenceUnitInfo [
	name: default
	...]
2023-02-01 16:09:01.774  INFO 15624 --- [    Test worker] org.hibernate.dialect.Dialect            : HHH000400: Using dialect: org.hibernate.dialect.MySQL5InnoDBDialect
Hibernate: drop table if exists posts
Hibernate: drop table if exists user
Hibernate: create table posts (id bigint not null auto_increment, created_date datetime, modified_date datetime, author varchar(255), content TEXT not null, title varchar(500) not null, primary key (id)) engine=InnoDB
Hibernate: create table user (id bigint not null auto_increment, created_date datetime, modified_date datetime, email varchar(255) not null, name varchar(255) not null, picture varchar(255), role varchar(255) not null, primary key (id)) engine=InnoDB
2023-02-01 16:09:01.847  INFO 15624 --- [    Test worker] o.h.t.schema.internal.SchemaCreatorImpl  : HHH000476: Executing import script 'org.hibernate.tool.schema.internal.exec.ScriptSourceInputNonExistentImpl@2cddcbc2'
2023-02-01 16:09:01.849  INFO 15624 --- [    Test worker] j.LocalContainerEntityManagerFactoryBean : Initialized JPA EntityManagerFactory for persistence unit 'default'
2023-02-01 16:09:02.216  INFO 15624 --- [    Test worker] o.h.h.i.QueryTranslatorFactoryInitiator  : HHH000397: Using ASTQueryTranslatorFactory
2023-02-01 16:09:02.399  INFO 15624 --- [    Test worker] o.s.s.web.DefaultSecurityFilterChain     : Creating filter chain: any request, [org.springframework.security.web.context.request.async.WebAsyncManagerIntegrationFilter@4abd5313, org.springframework.security.web.context.SecurityContextPersistenceFilter@62f547a4, org.springframework.security.web.header.HeaderWriterFilter@531d5021, org.springframework.security.web.authentication.logout.LogoutFilter@2ee1dc07, org.springframework.security.oauth2.client.web.OAuth2AuthorizationRequestRedirectFilter@38451bd, org.springframework.security.oauth2.client.web.OAuth2LoginAuthenticationFilter@51f76910, org.springframework.security.web.authentication.ui.DefaultLoginPageGeneratingFilter@66617f08, org.springframework.security.web.authentication.ui.DefaultLogoutPageGeneratingFilter@2f9efec0, org.springframework.security.web.savedrequest.RequestCacheAwareFilter@4973861d, org.springframework.security.web.servletapi.SecurityContextHolderAwareRequestFilter@70564b4a, org.springframework.security.web.authentication.AnonymousAuthenticationFilter@eb65b37, org.springframework.security.web.session.SessionManagementFilter@6a3f93c3, org.springframework.security.web.access.ExceptionTranslationFilter@416d4817, org.springframework.security.web.access.intercept.FilterSecurityInterceptor@4f554276]
2023-02-01 16:09:02.584  INFO 15624 --- [    Test worker] o.s.s.concurrent.ThreadPoolTaskExecutor  : Initializing ExecutorService 'applicationTaskExecutor'
2023-02-01 16:09:02.601  WARN 15624 --- [    Test worker] aWebConfiguration$JpaWebMvcConfiguration : spring.jpa.open-in-view is enabled by default. Therefore, database queries may be performed during view rendering. Explicitly configure spring.jpa.open-in-view to disable this warning
2023-02-01 16:09:02.636  INFO 15624 --- [    Test worker] o.s.b.a.w.s.WelcomePageHandlerMapping    : Adding welcome page template: index
2023-02-01 16:09:02.908  INFO 15624 --- [    Test worker] s.a.ScheduledAnnotationBeanPostProcessor : No TaskScheduler/ScheduledExecutorService bean found for scheduled processing
2023-02-01 16:09:02.929  INFO 15624 --- [    Test worker] o.s.b.w.embedded.tomcat.TomcatWebServer  : Tomcat started on port(s): 51614 (http) with context path ''
2023-02-01 16:09:02.930  INFO 15624 --- [    Test worker] c.s.springboot.web.IndexControllerTest   : Started IndexControllerTest in 2.539 seconds (JVM running for 12.858)
2023-02-01 16:09:03.037  INFO 15624 --- [o-auto-1-exec-1] o.a.c.c.C.[Tomcat].[localhost].[/]       : Initializing Spring DispatcherServlet 'dispatcherServlet'
2023-02-01 16:09:03.037  INFO 15624 --- [o-auto-1-exec-1] o.s.web.servlet.DispatcherServlet        : Initializing Servlet 'dispatcherServlet'
2023-02-01 16:09:03.062  INFO 15624 --- [o-auto-1-exec-1] o.s.web.servlet.DispatcherServlet        : Completed initialization in 25 ms
Hibernate: select posts0_.id as id1_0_, posts0_.created_date as created_2_0_, posts0_.modified_date as modified3_0_, posts0_.author as author4_0_, posts0_.content as content5_0_, posts0_.title as title6_0_ from posts posts0_ order by posts0_.id DESC
]]></system-out>
  <system-err><![CDATA[]]></system-err>
</testsuite>
