<?xml version="1.0" encoding="UTF-8"?>
<testsuite name="com.suuding.springboot.web.HelloControllerTest" tests="2" skipped="0" failures="0" errors="0" timestamp="2023-02-01T07:09:00" hostname="LAPTOP-DQO2HSF8" time="0.17">
  <properties/>
  <testcase name="hello가_리턴된다" classname="com.suuding.springboot.web.HelloControllerTest" time="0.079"/>
  <testcase name="helloDto가_리턴된다" classname="com.suuding.springboot.web.HelloControllerTest" time="0.091"/>
  <system-out><![CDATA[2023-02-01 16:08:58.932  INFO 15624 --- [    Test worker] .b.t.a.w.s.WebMvcTestContextBootstrapper : Neither @ContextConfiguration nor @ContextHierarchy found for test class [com.suuding.springboot.web.HelloControllerTest], using SpringBootContextLoader
2023-02-01 16:08:58.933  INFO 15624 --- [    Test worker] o.s.t.c.support.AbstractContextLoader    : Could not detect default resource locations for test class [com.suuding.springboot.web.HelloControllerTest]: no resource found for suffixes {-context.xml, Context.groovy}.
2023-02-01 16:08:58.933  INFO 15624 --- [    Test worker] t.c.s.AnnotationConfigContextLoaderUtils : Could not detect default configuration classes for test class [com.suuding.springboot.web.HelloControllerTest]: HelloControllerTest does not declare any static, non-private, non-final, nested classes annotated with @Configuration.
2023-02-01 16:08:58.965  INFO 15624 --- [    Test worker] .b.t.c.SpringBootTestContextBootstrapper : Found @SpringBootConfiguration com.suuding.springboot.Application for test class com.suuding.springboot.web.HelloControllerTest
2023-02-01 16:08:58.966  INFO 15624 --- [    Test worker] .b.t.a.w.s.WebMvcTestContextBootstrapper : Loaded default TestExecutionListener class names from location [META-INF/spring.factories]: [org.springframework.security.test.context.support.WithSecurityContextTestExecutionListener, org.springframework.security.test.context.support.ReactorContextTestExecutionListener, org.springframework.boot.test.autoconfigure.restdocs.RestDocsTestExecutionListener, org.springframework.boot.test.autoconfigure.web.client.MockRestServiceServerResetTestExecutionListener, org.springframework.boot.test.autoconfigure.web.servlet.MockMvcPrintOnlyOnFailureTestExecutionListener, org.springframework.boot.test.autoconfigure.web.servlet.WebDriverTestExecutionListener, org.springframework.boot.test.mock.mockito.MockitoTestExecutionListener, org.springframework.boot.test.mock.mockito.ResetMocksTestExecutionListener, org.springframework.test.context.web.ServletTestExecutionListener, org.springframework.test.context.support.DirtiesContextBeforeModesTestExecutionListener, org.springframework.test.context.support.DependencyInjectionTestExecutionListener, org.springframework.test.context.support.DirtiesContextTestExecutionListener, org.springframework.test.context.transaction.TransactionalTestExecutionListener, org.springframework.test.context.jdbc.SqlScriptsTestExecutionListener]
2023-02-01 16:08:58.971  INFO 15624 --- [    Test worker] .b.t.a.w.s.WebMvcTestContextBootstrapper : Using TestExecutionListeners: [org.springframework.test.context.web.ServletTestExecutionListener@2b1a39ed, org.springframework.test.context.support.DirtiesContextBeforeModesTestExecutionListener@641d7dfb, org.springframework.boot.test.mock.mockito.MockitoTestExecutionListener@750a104c, org.springframework.boot.test.autoconfigure.SpringBootDependencyInjectionTestExecutionListener@489a2f79, org.springframework.test.context.support.DirtiesContextTestExecutionListener@32b5b2d6, org.springframework.test.context.transaction.TransactionalTestExecutionListener@3dc8e3de, org.springframework.test.context.jdbc.SqlScriptsTestExecutionListener@18650c5b, org.springframework.security.test.context.support.WithSecurityContextTestExecutionListener@19d19c9, org.springframework.security.test.context.support.ReactorContextTestExecutionListener@1e21282e, org.springframework.boot.test.autoconfigure.restdocs.RestDocsTestExecutionListener@640dee27, org.springframework.boot.test.autoconfigure.web.client.MockRestServiceServerResetTestExecutionListener@54ba2129, org.springframework.boot.test.autoconfigure.web.servlet.MockMvcPrintOnlyOnFailureTestExecutionListener@3d802926, org.springframework.boot.test.autoconfigure.web.servlet.WebDriverTestExecutionListener@2af716e0, org.springframework.boot.test.mock.mockito.ResetMocksTestExecutionListener@2100b94f]

  .   ____          _            __ _ _
 /\\ / ___'_ __ _ _(_)_ __  __ _ \ \ \ \
( ( )\___ | '_ | '_| | '_ \/ _` | \ \ \ \
 \\/  ___)| |_)| | | | | || (_| |  ) ) ) )
  '  |____| .__|_| |_|_| |_\__, | / / / /
 =========|_|==============|___/=/_/_/_/
 :: Spring Boot ::        (v2.1.7.RELEASE)

2023-02-01 16:08:59.027  INFO 15624 --- [    Test worker] c.s.springboot.web.HelloControllerTest   : Starting HelloControllerTest on LAPTOP-DQO2HSF8 with PID 15624 (started by 82104 in C:\Users\82104\Desktop\정컴\2023_4학년\겨울방학\webpage)
2023-02-01 16:08:59.028  INFO 15624 --- [    Test worker] c.s.springboot.web.HelloControllerTest   : No active profile set, falling back to default profiles: default
2023-02-01 16:08:59.660  INFO 15624 --- [    Test worker] o.s.s.concurrent.ThreadPoolTaskExecutor  : Initializing ExecutorService 'applicationTaskExecutor'
2023-02-01 16:08:59.710  INFO 15624 --- [    Test worker] o.s.b.a.w.s.WelcomePageHandlerMapping    : Adding welcome page template: index
2023-02-01 16:08:59.963  INFO 15624 --- [    Test worker] .s.s.UserDetailsServiceAutoConfiguration : 

Using generated security password: 34b14f4b-bba9-4973-af72-9d605b5ef5f4

2023-02-01 16:09:00.125  INFO 15624 --- [    Test worker] o.s.s.web.DefaultSecurityFilterChain     : Creating filter chain: any request, [org.springframework.security.web.context.request.async.WebAsyncManagerIntegrationFilter@3894b0b2, org.springframework.security.web.context.SecurityContextPersistenceFilter@6e45d6c1, org.springframework.security.web.header.HeaderWriterFilter@306638ce, org.springframework.security.web.csrf.CsrfFilter@48d48c10, org.springframework.security.web.authentication.logout.LogoutFilter@538cd126, org.springframework.security.web.authentication.UsernamePasswordAuthenticationFilter@4aadc5cc, org.springframework.security.web.authentication.ui.DefaultLoginPageGeneratingFilter@2813ac05, org.springframework.security.web.authentication.ui.DefaultLogoutPageGeneratingFilter@31369ad7, org.springframework.security.web.authentication.www.BasicAuthenticationFilter@7141426c, org.springframework.security.web.savedrequest.RequestCacheAwareFilter@192ba1f, org.springframework.security.web.servletapi.SecurityContextHolderAwareRequestFilter@3352ab, org.springframework.security.web.authentication.AnonymousAuthenticationFilter@4a9fecbf, org.springframework.security.web.session.SessionManagementFilter@5cbe86de, org.springframework.security.web.access.ExceptionTranslationFilter@7ab2b15f, org.springframework.security.web.access.intercept.FilterSecurityInterceptor@758a04b1]
2023-02-01 16:09:00.162  INFO 15624 --- [    Test worker] o.s.b.t.m.w.SpringBootMockServletContext : Initializing Spring TestDispatcherServlet ''
2023-02-01 16:09:00.162  INFO 15624 --- [    Test worker] o.s.t.web.servlet.TestDispatcherServlet  : Initializing Servlet ''
2023-02-01 16:09:00.174  INFO 15624 --- [    Test worker] o.s.t.web.servlet.TestDispatcherServlet  : Completed initialization in 12 ms
2023-02-01 16:09:00.205  INFO 15624 --- [    Test worker] c.s.springboot.web.HelloControllerTest   : Started HelloControllerTest in 1.231 seconds (JVM running for 10.133)
]]></system-out>
  <system-err><![CDATA[]]></system-err>
</testsuite>
