<?xml version="1.0" encoding="UTF-8"?>
<testsuite name="com.suuding.springboot.web.IndexControllerTest" tests="1" skipped="0" failures="0" errors="0" timestamp="2023-02-06T08:58:43" hostname="LAPTOP-DQO2HSF8" time="0.205">
  <properties/>
  <testcase name="메인페이지_로딩" classname="com.suuding.springboot.web.IndexControllerTest" time="0.205"/>
  <system-out><![CDATA[2023-02-06 17:58:40.880  INFO 22420 --- [    Test worker] .b.t.c.SpringBootTestContextBootstrapper : Neither @ContextConfiguration nor @ContextHierarchy found for test class [com.suuding.springboot.web.IndexControllerTest], using SpringBootContextLoader
2023-02-06 17:58:40.882  INFO 22420 --- [    Test worker] o.s.t.c.support.AbstractContextLoader    : Could not detect default resource locations for test class [com.suuding.springboot.web.IndexControllerTest]: no resource found for suffixes {-context.xml, Context.groovy}.
2023-02-06 17:58:40.882  INFO 22420 --- [    Test worker] t.c.s.AnnotationConfigContextLoaderUtils : Could not detect default configuration classes for test class [com.suuding.springboot.web.IndexControllerTest]: IndexControllerTest does not declare any static, non-private, non-final, nested classes annotated with @Configuration.
2023-02-06 17:58:40.884  INFO 22420 --- [    Test worker] .b.t.c.SpringBootTestContextBootstrapper : Found @SpringBootConfiguration com.suuding.springboot.Application for test class com.suuding.springboot.web.IndexControllerTest
2023-02-06 17:58:40.886  INFO 22420 --- [    Test worker] .b.t.c.SpringBootTestContextBootstrapper : Loaded default TestExecutionListener class names from location [META-INF/spring.factories]: [org.springframework.security.test.context.support.WithSecurityContextTestExecutionListener, org.springframework.security.test.context.support.ReactorContextTestExecutionListener, org.springframework.boot.test.autoconfigure.restdocs.RestDocsTestExecutionListener, org.springframework.boot.test.autoconfigure.web.client.MockRestServiceServerResetTestExecutionListener, org.springframework.boot.test.autoconfigure.web.servlet.MockMvcPrintOnlyOnFailureTestExecutionListener, org.springframework.boot.test.autoconfigure.web.servlet.WebDriverTestExecutionListener, org.springframework.boot.test.mock.mockito.MockitoTestExecutionListener, org.springframework.boot.test.mock.mockito.ResetMocksTestExecutionListener, org.springframework.test.context.web.ServletTestExecutionListener, org.springframework.test.context.support.DirtiesContextBeforeModesTestExecutionListener, org.springframework.test.context.support.DependencyInjectionTestExecutionListener, org.springframework.test.context.support.DirtiesContextTestExecutionListener, org.springframework.test.context.transaction.TransactionalTestExecutionListener, org.springframework.test.context.jdbc.SqlScriptsTestExecutionListener]
2023-02-06 17:58:40.887  INFO 22420 --- [    Test worker] .b.t.c.SpringBootTestContextBootstrapper : Using TestExecutionListeners: [org.springframework.test.context.web.ServletTestExecutionListener@6e9374bc, org.springframework.test.context.support.DirtiesContextBeforeModesTestExecutionListener@7dde47fe, org.springframework.boot.test.mock.mockito.MockitoTestExecutionListener@32a235d0, org.springframework.boot.test.autoconfigure.SpringBootDependencyInjectionTestExecutionListener@54c6c1a8, org.springframework.test.context.support.DirtiesContextTestExecutionListener@21056918, org.springframework.test.context.transaction.TransactionalTestExecutionListener@2e6b2b71, org.springframework.test.context.jdbc.SqlScriptsTestExecutionListener@d4497d9, org.springframework.security.test.context.support.WithSecurityContextTestExecutionListener@6feddc58, org.springframework.security.test.context.support.ReactorContextTestExecutionListener@652a3514, org.springframework.boot.test.autoconfigure.restdocs.RestDocsTestExecutionListener@126dba63, org.springframework.boot.test.autoconfigure.web.client.MockRestServiceServerResetTestExecutionListener@3bbe0da8, org.springframework.boot.test.autoconfigure.web.servlet.MockMvcPrintOnlyOnFailureTestExecutionListener@3ab0099b, org.springframework.boot.test.autoconfigure.web.servlet.WebDriverTestExecutionListener@e86094c, org.springframework.boot.test.mock.mockito.ResetMocksTestExecutionListener@71c7145d]

  .   ____          _            __ _ _
 /\\ / ___'_ __ _ _(_)_ __  __ _ \ \ \ \
( ( )\___ | '_ | '_| | '_ \/ _` | \ \ \ \
 \\/  ___)| |_)| | | | | || (_| |  ) ) ) )
  '  |____| .__|_| |_|_| |_\__, | / / / /
 =========|_|==============|___/=/_/_/_/
 :: Spring Boot ::        (v2.1.7.RELEASE)

2023-02-06 17:58:40.938  INFO 22420 --- [    Test worker] c.s.springboot.web.IndexControllerTest   : Starting IndexControllerTest on LAPTOP-DQO2HSF8 with PID 22420 (started by 82104 in C:\Users\82104\Desktop\정컴\2023_4학년\겨울방학\webpage)
2023-02-06 17:58:40.938  INFO 22420 --- [    Test worker] c.s.springboot.web.IndexControllerTest   : No active profile set, falling back to default profiles: default
2023-02-06 17:58:41.266  INFO 22420 --- [    Test worker] .s.d.r.c.RepositoryConfigurationDelegate : Bootstrapping Spring Data repositories in DEFAULT mode.
2023-02-06 17:58:41.321  INFO 22420 --- [    Test worker] .s.d.r.c.RepositoryConfigurationDelegate : Finished Spring Data repository scanning in 55ms. Found 2 repository interfaces.
2023-02-06 17:58:41.450  INFO 22420 --- [    Test worker] trationDelegate$BeanPostProcessorChecker : Bean 'org.springframework.transaction.annotation.ProxyTransactionManagementConfiguration' of type [org.springframework.transaction.annotation.ProxyTransactionManagementConfiguration$$EnhancerBySpringCGLIB$$a3b6f905] is not eligible for getting processed by all BeanPostProcessors (for example: not eligible for auto-proxying)
2023-02-06 17:58:41.797  INFO 22420 --- [    Test worker] o.s.b.w.embedded.tomcat.TomcatWebServer  : Tomcat initialized with port(s): 0 (http)
2023-02-06 17:58:41.845  INFO 22420 --- [    Test worker] o.apache.catalina.core.StandardService   : Starting service [Tomcat]
2023-02-06 17:58:41.846  INFO 22420 --- [    Test worker] org.apache.catalina.core.StandardEngine  : Starting Servlet engine: [Apache Tomcat/9.0.22]
2023-02-06 17:58:42.107  INFO 22420 --- [    Test worker] o.a.c.c.C.[Tomcat].[localhost].[/]       : Initializing Spring embedded WebApplicationContext
2023-02-06 17:58:42.107  INFO 22420 --- [    Test worker] o.s.web.context.ContextLoader            : Root WebApplicationContext: initialization completed in 1166 ms
2023-02-06 17:58:42.348  INFO 22420 --- [    Test worker] com.zaxxer.hikari.HikariDataSource       : HikariPool-2 - Starting...
2023-02-06 17:58:42.350  INFO 22420 --- [    Test worker] com.zaxxer.hikari.HikariDataSource       : HikariPool-2 - Start completed.
2023-02-06 17:58:42.412  INFO 22420 --- [    Test worker] o.hibernate.jpa.internal.util.LogHelper  : HHH000204: Processing PersistenceUnitInfo [
	name: default
	...]
2023-02-06 17:58:42.432  INFO 22420 --- [    Test worker] org.hibernate.dialect.Dialect            : HHH000400: Using dialect: org.hibernate.dialect.MySQL5InnoDBDialect
Hibernate: drop table if exists posts
Hibernate: drop table if exists user
Hibernate: create table posts (id bigint not null auto_increment, created_date datetime, modified_date datetime, author varchar(255), content TEXT not null, title varchar(500) not null, primary key (id)) engine=InnoDB
Hibernate: create table user (id bigint not null auto_increment, created_date datetime, modified_date datetime, email varchar(255) not null, name varchar(255) not null, picture varchar(255), role varchar(255) not null, primary key (id)) engine=InnoDB
2023-02-06 17:58:42.499  INFO 22420 --- [    Test worker] o.h.t.schema.internal.SchemaCreatorImpl  : HHH000476: Executing import script 'org.hibernate.tool.schema.internal.exec.ScriptSourceInputNonExistentImpl@16cfc81d'
2023-02-06 17:58:42.500  INFO 22420 --- [    Test worker] j.LocalContainerEntityManagerFactoryBean : Initialized JPA EntityManagerFactory for persistence unit 'default'
2023-02-06 17:58:42.866  INFO 22420 --- [    Test worker] o.h.h.i.QueryTranslatorFactoryInitiator  : HHH000397: Using ASTQueryTranslatorFactory
2023-02-06 17:58:43.031  INFO 22420 --- [    Test worker] o.s.s.web.DefaultSecurityFilterChain     : Creating filter chain: any request, [org.springframework.security.web.context.request.async.WebAsyncManagerIntegrationFilter@16464316, org.springframework.security.web.context.SecurityContextPersistenceFilter@31ca0950, org.springframework.security.web.header.HeaderWriterFilter@20957c20, org.springframework.security.web.authentication.logout.LogoutFilter@21f0bc, org.springframework.security.oauth2.client.web.OAuth2AuthorizationRequestRedirectFilter@20656f59, org.springframework.security.oauth2.client.web.OAuth2LoginAuthenticationFilter@41094bd1, org.springframework.security.web.authentication.ui.DefaultLoginPageGeneratingFilter@61c0e55d, org.springframework.security.web.authentication.ui.DefaultLogoutPageGeneratingFilter@33e9c5dd, org.springframework.security.web.savedrequest.RequestCacheAwareFilter@6a693bd8, org.springframework.security.web.servletapi.SecurityContextHolderAwareRequestFilter@61163ec9, org.springframework.security.web.authentication.AnonymousAuthenticationFilter@387d6b5e, org.springframework.security.web.session.SessionManagementFilter@799f3937, org.springframework.security.web.access.ExceptionTranslationFilter@2db247d, org.springframework.security.web.access.intercept.FilterSecurityInterceptor@723af61d]
2023-02-06 17:58:43.236  INFO 22420 --- [    Test worker] o.s.s.concurrent.ThreadPoolTaskExecutor  : Initializing ExecutorService 'applicationTaskExecutor'
2023-02-06 17:58:43.255  WARN 22420 --- [    Test worker] aWebConfiguration$JpaWebMvcConfiguration : spring.jpa.open-in-view is enabled by default. Therefore, database queries may be performed during view rendering. Explicitly configure spring.jpa.open-in-view to disable this warning
2023-02-06 17:58:43.286  INFO 22420 --- [    Test worker] o.s.b.a.w.s.WelcomePageHandlerMapping    : Adding welcome page: class path resource [static/index.html]
2023-02-06 17:58:43.603  INFO 22420 --- [    Test worker] s.a.ScheduledAnnotationBeanPostProcessor : No TaskScheduler/ScheduledExecutorService bean found for scheduled processing
2023-02-06 17:58:43.623  INFO 22420 --- [    Test worker] o.s.b.w.embedded.tomcat.TomcatWebServer  : Tomcat started on port(s): 56804 (http) with context path ''
2023-02-06 17:58:43.624  INFO 22420 --- [    Test worker] c.s.springboot.web.IndexControllerTest   : Started IndexControllerTest in 2.735 seconds (JVM running for 14.566)
2023-02-06 17:58:43.735  INFO 22420 --- [o-auto-1-exec-1] o.a.c.c.C.[Tomcat].[localhost].[/]       : Initializing Spring DispatcherServlet 'dispatcherServlet'
2023-02-06 17:58:43.736  INFO 22420 --- [o-auto-1-exec-1] o.s.web.servlet.DispatcherServlet        : Initializing Servlet 'dispatcherServlet'
2023-02-06 17:58:43.754  INFO 22420 --- [o-auto-1-exec-1] o.s.web.servlet.DispatcherServlet        : Completed initialization in 18 ms
Hibernate: select posts0_.id as id1_0_, posts0_.created_date as created_2_0_, posts0_.modified_date as modified3_0_, posts0_.author as author4_0_, posts0_.content as content5_0_, posts0_.title as title6_0_ from posts posts0_ order by posts0_.id DESC
]]></system-out>
  <system-err><![CDATA[]]></system-err>
</testsuite>
