<?xml version="1.0" encoding="UTF-8"?>
<testsuite name="com.suuding.springboot.web.HelloControllerTest" tests="2" skipped="0" failures="0" errors="0" timestamp="2023-02-06T08:58:40" hostname="LAPTOP-DQO2HSF8" time="0.179">
  <properties/>
  <testcase name="hello가_리턴된다" classname="com.suuding.springboot.web.HelloControllerTest" time="0.083"/>
  <testcase name="helloDto가_리턴된다" classname="com.suuding.springboot.web.HelloControllerTest" time="0.095"/>
  <system-out><![CDATA[2023-02-06 17:58:39.389  INFO 22420 --- [    Test worker] .b.t.a.w.s.WebMvcTestContextBootstrapper : Neither @ContextConfiguration nor @ContextHierarchy found for test class [com.suuding.springboot.web.HelloControllerTest], using SpringBootContextLoader
2023-02-06 17:58:39.391  INFO 22420 --- [    Test worker] o.s.t.c.support.AbstractContextLoader    : Could not detect default resource locations for test class [com.suuding.springboot.web.HelloControllerTest]: no resource found for suffixes {-context.xml, Context.groovy}.
2023-02-06 17:58:39.391  INFO 22420 --- [    Test worker] t.c.s.AnnotationConfigContextLoaderUtils : Could not detect default configuration classes for test class [com.suuding.springboot.web.HelloControllerTest]: HelloControllerTest does not declare any static, non-private, non-final, nested classes annotated with @Configuration.
2023-02-06 17:58:39.419  INFO 22420 --- [    Test worker] .b.t.c.SpringBootTestContextBootstrapper : Found @SpringBootConfiguration com.suuding.springboot.Application for test class com.suuding.springboot.web.HelloControllerTest
2023-02-06 17:58:39.420  INFO 22420 --- [    Test worker] .b.t.a.w.s.WebMvcTestContextBootstrapper : Loaded default TestExecutionListener class names from location [META-INF/spring.factories]: [org.springframework.security.test.context.support.WithSecurityContextTestExecutionListener, org.springframework.security.test.context.support.ReactorContextTestExecutionListener, org.springframework.boot.test.autoconfigure.restdocs.RestDocsTestExecutionListener, org.springframework.boot.test.autoconfigure.web.client.MockRestServiceServerResetTestExecutionListener, org.springframework.boot.test.autoconfigure.web.servlet.MockMvcPrintOnlyOnFailureTestExecutionListener, org.springframework.boot.test.autoconfigure.web.servlet.WebDriverTestExecutionListener, org.springframework.boot.test.mock.mockito.MockitoTestExecutionListener, org.springframework.boot.test.mock.mockito.ResetMocksTestExecutionListener, org.springframework.test.context.web.ServletTestExecutionListener, org.springframework.test.context.support.DirtiesContextBeforeModesTestExecutionListener, org.springframework.test.context.support.DependencyInjectionTestExecutionListener, org.springframework.test.context.support.DirtiesContextTestExecutionListener, org.springframework.test.context.transaction.TransactionalTestExecutionListener, org.springframework.test.context.jdbc.SqlScriptsTestExecutionListener]
2023-02-06 17:58:39.421  INFO 22420 --- [    Test worker] .b.t.a.w.s.WebMvcTestContextBootstrapper : Using TestExecutionListeners: [org.springframework.test.context.web.ServletTestExecutionListener@3a861f1e, org.springframework.test.context.support.DirtiesContextBeforeModesTestExecutionListener@651c09ea, org.springframework.boot.test.mock.mockito.MockitoTestExecutionListener@2aa884db, org.springframework.boot.test.autoconfigure.SpringBootDependencyInjectionTestExecutionListener@341aa9dc, org.springframework.test.context.support.DirtiesContextTestExecutionListener@3e6e2eae, org.springframework.test.context.transaction.TransactionalTestExecutionListener@3b3833d0, org.springframework.test.context.jdbc.SqlScriptsTestExecutionListener@5558f630, org.springframework.security.test.context.support.WithSecurityContextTestExecutionListener@346de10e, org.springframework.security.test.context.support.ReactorContextTestExecutionListener@7bb9a273, org.springframework.boot.test.autoconfigure.restdocs.RestDocsTestExecutionListener@165a867, org.springframework.boot.test.autoconfigure.web.client.MockRestServiceServerResetTestExecutionListener@131e270d, org.springframework.boot.test.autoconfigure.web.servlet.MockMvcPrintOnlyOnFailureTestExecutionListener@4820d1f1, org.springframework.boot.test.autoconfigure.web.servlet.WebDriverTestExecutionListener@7ebc48bc, org.springframework.boot.test.mock.mockito.ResetMocksTestExecutionListener@5236f19c]

  .   ____          _            __ _ _
 /\\ / ___'_ __ _ _(_)_ __  __ _ \ \ \ \
( ( )\___ | '_ | '_| | '_ \/ _` | \ \ \ \
 \\/  ___)| |_)| | | | | || (_| |  ) ) ) )
  '  |____| .__|_| |_|_| |_\__, | / / / /
 =========|_|==============|___/=/_/_/_/
 :: Spring Boot ::        (v2.1.7.RELEASE)

2023-02-06 17:58:39.488  INFO 22420 --- [    Test worker] c.s.springboot.web.HelloControllerTest   : Starting HelloControllerTest on LAPTOP-DQO2HSF8 with PID 22420 (started by 82104 in C:\Users\82104\Desktop\정컴\2023_4학년\겨울방학\webpage)
2023-02-06 17:58:39.489  INFO 22420 --- [    Test worker] c.s.springboot.web.HelloControllerTest   : No active profile set, falling back to default profiles: default
2023-02-06 17:58:40.072  INFO 22420 --- [    Test worker] o.s.s.concurrent.ThreadPoolTaskExecutor  : Initializing ExecutorService 'applicationTaskExecutor'
2023-02-06 17:58:40.112  INFO 22420 --- [    Test worker] o.s.b.a.w.s.WelcomePageHandlerMapping    : Adding welcome page: class path resource [static/index.html]
2023-02-06 17:58:40.398  INFO 22420 --- [    Test worker] .s.s.UserDetailsServiceAutoConfiguration : 

Using generated security password: d7c27901-9b11-4b34-88ac-00467b2cff4b

2023-02-06 17:58:40.585  INFO 22420 --- [    Test worker] o.s.s.web.DefaultSecurityFilterChain     : Creating filter chain: any request, [org.springframework.security.web.context.request.async.WebAsyncManagerIntegrationFilter@588066d0, org.springframework.security.web.context.SecurityContextPersistenceFilter@437276a0, org.springframework.security.web.header.HeaderWriterFilter@162f6136, org.springframework.security.web.csrf.CsrfFilter@505bb020, org.springframework.security.web.authentication.logout.LogoutFilter@1a25cd06, org.springframework.security.web.authentication.UsernamePasswordAuthenticationFilter@f308fc5, org.springframework.security.web.authentication.ui.DefaultLoginPageGeneratingFilter@43f175f, org.springframework.security.web.authentication.ui.DefaultLogoutPageGeneratingFilter@3e4cb675, org.springframework.security.web.authentication.www.BasicAuthenticationFilter@2d692fce, org.springframework.security.web.savedrequest.RequestCacheAwareFilter@329ccf63, org.springframework.security.web.servletapi.SecurityContextHolderAwareRequestFilter@5f573ed7, org.springframework.security.web.authentication.AnonymousAuthenticationFilter@5a3ff92d, org.springframework.security.web.session.SessionManagementFilter@1bf81963, org.springframework.security.web.access.ExceptionTranslationFilter@282b3683, org.springframework.security.web.access.intercept.FilterSecurityInterceptor@6077fb91]
2023-02-06 17:58:40.629  INFO 22420 --- [    Test worker] o.s.b.t.m.w.SpringBootMockServletContext : Initializing Spring TestDispatcherServlet ''
2023-02-06 17:58:40.629  INFO 22420 --- [    Test worker] o.s.t.web.servlet.TestDispatcherServlet  : Initializing Servlet ''
2023-02-06 17:58:40.646  INFO 22420 --- [    Test worker] o.s.t.web.servlet.TestDispatcherServlet  : Completed initialization in 17 ms
2023-02-06 17:58:40.693  INFO 22420 --- [    Test worker] c.s.springboot.web.HelloControllerTest   : Started HelloControllerTest in 1.27 seconds (JVM running for 11.635)
]]></system-out>
  <system-err><![CDATA[]]></system-err>
</testsuite>
