<?xml version="1.0" encoding="UTF-8"?>
<testsuite name="com.suuding.springboot.web.HelloControllerTest" tests="2" skipped="0" failures="0" errors="0" timestamp="2023-02-07T08:17:36" hostname="LAPTOP-DQO2HSF8" time="0.182">
  <properties/>
  <testcase name="hello가_리턴된다" classname="com.suuding.springboot.web.HelloControllerTest" time="0.1"/>
  <testcase name="helloDto가_리턴된다" classname="com.suuding.springboot.web.HelloControllerTest" time="0.082"/>
  <system-out><![CDATA[2023-02-07 17:17:35.719  INFO 26996 --- [    Test worker] .b.t.a.w.s.WebMvcTestContextBootstrapper : Neither @ContextConfiguration nor @ContextHierarchy found for test class [com.suuding.springboot.web.HelloControllerTest], using SpringBootContextLoader
2023-02-07 17:17:35.720  INFO 26996 --- [    Test worker] o.s.t.c.support.AbstractContextLoader    : Could not detect default resource locations for test class [com.suuding.springboot.web.HelloControllerTest]: no resource found for suffixes {-context.xml, Context.groovy}.
2023-02-07 17:17:35.720  INFO 26996 --- [    Test worker] t.c.s.AnnotationConfigContextLoaderUtils : Could not detect default configuration classes for test class [com.suuding.springboot.web.HelloControllerTest]: HelloControllerTest does not declare any static, non-private, non-final, nested classes annotated with @Configuration.
2023-02-07 17:17:35.743  INFO 26996 --- [    Test worker] .b.t.c.SpringBootTestContextBootstrapper : Found @SpringBootConfiguration com.suuding.springboot.Application for test class com.suuding.springboot.web.HelloControllerTest
2023-02-07 17:17:35.743  INFO 26996 --- [    Test worker] .b.t.a.w.s.WebMvcTestContextBootstrapper : Loaded default TestExecutionListener class names from location [META-INF/spring.factories]: [org.springframework.security.test.context.support.WithSecurityContextTestExecutionListener, org.springframework.security.test.context.support.ReactorContextTestExecutionListener, org.springframework.boot.test.autoconfigure.restdocs.RestDocsTestExecutionListener, org.springframework.boot.test.autoconfigure.web.client.MockRestServiceServerResetTestExecutionListener, org.springframework.boot.test.autoconfigure.web.servlet.MockMvcPrintOnlyOnFailureTestExecutionListener, org.springframework.boot.test.autoconfigure.web.servlet.WebDriverTestExecutionListener, org.springframework.boot.test.mock.mockito.MockitoTestExecutionListener, org.springframework.boot.test.mock.mockito.ResetMocksTestExecutionListener, org.springframework.test.context.web.ServletTestExecutionListener, org.springframework.test.context.support.DirtiesContextBeforeModesTestExecutionListener, org.springframework.test.context.support.DependencyInjectionTestExecutionListener, org.springframework.test.context.support.DirtiesContextTestExecutionListener, org.springframework.test.context.transaction.TransactionalTestExecutionListener, org.springframework.test.context.jdbc.SqlScriptsTestExecutionListener]
2023-02-07 17:17:35.744  INFO 26996 --- [    Test worker] .b.t.a.w.s.WebMvcTestContextBootstrapper : Using TestExecutionListeners: [org.springframework.test.context.web.ServletTestExecutionListener@56116f64, org.springframework.test.context.support.DirtiesContextBeforeModesTestExecutionListener@23ee8c7e, org.springframework.boot.test.mock.mockito.MockitoTestExecutionListener@721332db, org.springframework.boot.test.autoconfigure.SpringBootDependencyInjectionTestExecutionListener@e98b5bf, org.springframework.test.context.support.DirtiesContextTestExecutionListener@532f8147, org.springframework.test.context.transaction.TransactionalTestExecutionListener@4757a20, org.springframework.test.context.jdbc.SqlScriptsTestExecutionListener@6f9b059f, org.springframework.security.test.context.support.WithSecurityContextTestExecutionListener@24e5609e, org.springframework.security.test.context.support.ReactorContextTestExecutionListener@befe8fc, org.springframework.boot.test.autoconfigure.restdocs.RestDocsTestExecutionListener@246427db, org.springframework.boot.test.autoconfigure.web.client.MockRestServiceServerResetTestExecutionListener@13e47935, org.springframework.boot.test.autoconfigure.web.servlet.MockMvcPrintOnlyOnFailureTestExecutionListener@1c8a1a47, org.springframework.boot.test.autoconfigure.web.servlet.WebDriverTestExecutionListener@68d6b922, org.springframework.boot.test.mock.mockito.ResetMocksTestExecutionListener@6d09011c]

  .   ____          _            __ _ _
 /\\ / ___'_ __ _ _(_)_ __  __ _ \ \ \ \
( ( )\___ | '_ | '_| | '_ \/ _` | \ \ \ \
 \\/  ___)| |_)| | | | | || (_| |  ) ) ) )
  '  |____| .__|_| |_|_| |_\__, | / / / /
 =========|_|==============|___/=/_/_/_/
 :: Spring Boot ::        (v2.1.7.RELEASE)

2023-02-07 17:17:35.801  INFO 26996 --- [    Test worker] c.s.springboot.web.HelloControllerTest   : Starting HelloControllerTest on LAPTOP-DQO2HSF8 with PID 26996 (started by 82104 in C:\Users\82104\Desktop\정컴\2023_4학년\겨울방학\webpage)
2023-02-07 17:17:35.802  INFO 26996 --- [    Test worker] c.s.springboot.web.HelloControllerTest   : No active profile set, falling back to default profiles: default
2023-02-07 17:17:36.357  INFO 26996 --- [    Test worker] o.s.s.concurrent.ThreadPoolTaskExecutor  : Initializing ExecutorService 'applicationTaskExecutor'
2023-02-07 17:17:36.396  INFO 26996 --- [    Test worker] o.s.b.a.w.s.WelcomePageHandlerMapping    : Adding welcome page: class path resource [static/index.html]
2023-02-07 17:17:36.669  INFO 26996 --- [    Test worker] .s.s.UserDetailsServiceAutoConfiguration : 

Using generated security password: 39c72698-069f-4296-8871-1c9b5cc2b99b

2023-02-07 17:17:36.841  INFO 26996 --- [    Test worker] o.s.s.web.DefaultSecurityFilterChain     : Creating filter chain: any request, [org.springframework.security.web.context.request.async.WebAsyncManagerIntegrationFilter@57950f51, org.springframework.security.web.context.SecurityContextPersistenceFilter@34d85979, org.springframework.security.web.header.HeaderWriterFilter@3010092b, org.springframework.security.web.csrf.CsrfFilter@1bd0ff5e, org.springframework.security.web.authentication.logout.LogoutFilter@31e53371, org.springframework.security.web.authentication.UsernamePasswordAuthenticationFilter@4bbe3685, org.springframework.security.web.authentication.ui.DefaultLoginPageGeneratingFilter@7e27f818, org.springframework.security.web.authentication.ui.DefaultLogoutPageGeneratingFilter@3206209d, org.springframework.security.web.authentication.www.BasicAuthenticationFilter@2cd1b1ca, org.springframework.security.web.savedrequest.RequestCacheAwareFilter@5326f9ed, org.springframework.security.web.servletapi.SecurityContextHolderAwareRequestFilter@634ffbf3, org.springframework.security.web.authentication.AnonymousAuthenticationFilter@137898f6, org.springframework.security.web.session.SessionManagementFilter@2c263a78, org.springframework.security.web.access.ExceptionTranslationFilter@6260bf30, org.springframework.security.web.access.intercept.FilterSecurityInterceptor@49f49cec]
2023-02-07 17:17:36.877  INFO 26996 --- [    Test worker] o.s.b.t.m.w.SpringBootMockServletContext : Initializing Spring TestDispatcherServlet ''
2023-02-07 17:17:36.877  INFO 26996 --- [    Test worker] o.s.t.web.servlet.TestDispatcherServlet  : Initializing Servlet ''
2023-02-07 17:17:36.890  INFO 26996 --- [    Test worker] o.s.t.web.servlet.TestDispatcherServlet  : Completed initialization in 13 ms
2023-02-07 17:17:36.921  INFO 26996 --- [    Test worker] c.s.springboot.web.HelloControllerTest   : Started HelloControllerTest in 1.175 seconds (JVM running for 11.326)
]]></system-out>
  <system-err><![CDATA[]]></system-err>
</testsuite>
