<?xml version="1.0" encoding="UTF-8"?>
<testsuite name="com.suuding.springboot.web.domain.posts.PostsRepositoryTest" tests="2" skipped="0" failures="0" errors="0" timestamp="2023-02-01T07:08:58" hostname="LAPTOP-DQO2HSF8" time="0.278">
  <properties/>
  <testcase name="게시글저장_불러오기" classname="com.suuding.springboot.web.domain.posts.PostsRepositoryTest" time="0.267"/>
  <testcase name="BaseTimeEntity_등록" classname="com.suuding.springboot.web.domain.posts.PostsRepositoryTest" time="0.011"/>
  <system-out><![CDATA[16:08:51.064 [Test worker] DEBUG org.springframework.test.context.junit4.SpringJUnit4ClassRunner - SpringJUnit4ClassRunner constructor called with [class com.suuding.springboot.web.domain.posts.PostsRepositoryTest]
16:08:51.070 [Test worker] DEBUG org.springframework.test.context.BootstrapUtils - Instantiating CacheAwareContextLoaderDelegate from class [org.springframework.test.context.cache.DefaultCacheAwareContextLoaderDelegate]
16:08:51.080 [Test worker] DEBUG org.springframework.test.context.BootstrapUtils - Instantiating BootstrapContext using constructor [public org.springframework.test.context.support.DefaultBootstrapContext(java.lang.Class,org.springframework.test.context.CacheAwareContextLoaderDelegate)]
16:08:51.097 [Test worker] DEBUG org.springframework.test.context.BootstrapUtils - Instantiating TestContextBootstrapper for test class [com.suuding.springboot.web.domain.posts.PostsRepositoryTest] from class [org.springframework.boot.test.context.SpringBootTestContextBootstrapper]
16:08:51.111 [Test worker] INFO org.springframework.boot.test.context.SpringBootTestContextBootstrapper - Neither @ContextConfiguration nor @ContextHierarchy found for test class [com.suuding.springboot.web.domain.posts.PostsRepositoryTest], using SpringBootContextLoader
16:08:51.115 [Test worker] DEBUG org.springframework.test.context.support.AbstractContextLoader - Did not detect default resource location for test class [com.suuding.springboot.web.domain.posts.PostsRepositoryTest]: class path resource [com/suuding/springboot/web/domain/posts/PostsRepositoryTest-context.xml] does not exist
16:08:51.116 [Test worker] DEBUG org.springframework.test.context.support.AbstractContextLoader - Did not detect default resource location for test class [com.suuding.springboot.web.domain.posts.PostsRepositoryTest]: class path resource [com/suuding/springboot/web/domain/posts/PostsRepositoryTestContext.groovy] does not exist
16:08:51.116 [Test worker] INFO org.springframework.test.context.support.AbstractContextLoader - Could not detect default resource locations for test class [com.suuding.springboot.web.domain.posts.PostsRepositoryTest]: no resource found for suffixes {-context.xml, Context.groovy}.
16:08:51.117 [Test worker] INFO org.springframework.test.context.support.AnnotationConfigContextLoaderUtils - Could not detect default configuration classes for test class [com.suuding.springboot.web.domain.posts.PostsRepositoryTest]: PostsRepositoryTest does not declare any static, non-private, non-final, nested classes annotated with @Configuration.
16:08:51.167 [Test worker] DEBUG org.springframework.test.context.support.ActiveProfilesUtils - Could not find an 'annotation declaring class' for annotation type [org.springframework.test.context.ActiveProfiles] and class [com.suuding.springboot.web.domain.posts.PostsRepositoryTest]
16:08:51.298 [Test worker] DEBUG org.springframework.context.annotation.ClassPathScanningCandidateComponentProvider - Identified candidate component class: file [C:\Users\82104\Desktop\정컴\2023_4학년\겨울방학\webpage\build\classes\java\main\com\suuding\springboot\Application.class]
16:08:51.300 [Test worker] INFO org.springframework.boot.test.context.SpringBootTestContextBootstrapper - Found @SpringBootConfiguration com.suuding.springboot.Application for test class com.suuding.springboot.web.domain.posts.PostsRepositoryTest
16:08:51.422 [Test worker] DEBUG org.springframework.boot.test.context.SpringBootTestContextBootstrapper - @TestExecutionListeners is not present for class [com.suuding.springboot.web.domain.posts.PostsRepositoryTest]: using defaults.
16:08:51.422 [Test worker] INFO org.springframework.boot.test.context.SpringBootTestContextBootstrapper - Loaded default TestExecutionListener class names from location [META-INF/spring.factories]: [org.springframework.security.test.context.support.WithSecurityContextTestExecutionListener, org.springframework.security.test.context.support.ReactorContextTestExecutionListener, org.springframework.boot.test.autoconfigure.restdocs.RestDocsTestExecutionListener, org.springframework.boot.test.autoconfigure.web.client.MockRestServiceServerResetTestExecutionListener, org.springframework.boot.test.autoconfigure.web.servlet.MockMvcPrintOnlyOnFailureTestExecutionListener, org.springframework.boot.test.autoconfigure.web.servlet.WebDriverTestExecutionListener, org.springframework.boot.test.mock.mockito.MockitoTestExecutionListener, org.springframework.boot.test.mock.mockito.ResetMocksTestExecutionListener, org.springframework.test.context.web.ServletTestExecutionListener, org.springframework.test.context.support.DirtiesContextBeforeModesTestExecutionListener, org.springframework.test.context.support.DependencyInjectionTestExecutionListener, org.springframework.test.context.support.DirtiesContextTestExecutionListener, org.springframework.test.context.transaction.TransactionalTestExecutionListener, org.springframework.test.context.jdbc.SqlScriptsTestExecutionListener]
16:08:51.446 [Test worker] INFO org.springframework.boot.test.context.SpringBootTestContextBootstrapper - Using TestExecutionListeners: [org.springframework.test.context.web.ServletTestExecutionListener@59c64740, org.springframework.test.context.support.DirtiesContextBeforeModesTestExecutionListener@79b12d27, org.springframework.boot.test.mock.mockito.MockitoTestExecutionListener@2a934a7, org.springframework.boot.test.autoconfigure.SpringBootDependencyInjectionTestExecutionListener@2c2cbace, org.springframework.test.context.support.DirtiesContextTestExecutionListener@473b144c, org.springframework.test.context.transaction.TransactionalTestExecutionListener@3793d199, org.springframework.test.context.jdbc.SqlScriptsTestExecutionListener@7c54d7c0, org.springframework.security.test.context.support.WithSecurityContextTestExecutionListener@3567f84e, org.springframework.security.test.context.support.ReactorContextTestExecutionListener@2a6113da, org.springframework.boot.test.autoconfigure.restdocs.RestDocsTestExecutionListener@3d70016, org.springframework.boot.test.autoconfigure.web.client.MockRestServiceServerResetTestExecutionListener@59673d7b, org.springframework.boot.test.autoconfigure.web.servlet.MockMvcPrintOnlyOnFailureTestExecutionListener@53c81b91, org.springframework.boot.test.autoconfigure.web.servlet.WebDriverTestExecutionListener@71952df1, org.springframework.boot.test.mock.mockito.ResetMocksTestExecutionListener@4af95465]
16:08:51.450 [Test worker] DEBUG org.springframework.test.annotation.ProfileValueUtils - Retrieved @ProfileValueSourceConfiguration [null] for test class [com.suuding.springboot.web.domain.posts.PostsRepositoryTest]
16:08:51.450 [Test worker] DEBUG org.springframework.test.annotation.ProfileValueUtils - Retrieved ProfileValueSource type [class org.springframework.test.annotation.SystemProfileValueSource] for class [com.suuding.springboot.web.domain.posts.PostsRepositoryTest]
16:08:51.451 [Test worker] DEBUG org.springframework.test.annotation.ProfileValueUtils - Retrieved @ProfileValueSourceConfiguration [null] for test class [com.suuding.springboot.web.domain.posts.PostsRepositoryTest]
16:08:51.451 [Test worker] DEBUG org.springframework.test.annotation.ProfileValueUtils - Retrieved ProfileValueSource type [class org.springframework.test.annotation.SystemProfileValueSource] for class [com.suuding.springboot.web.domain.posts.PostsRepositoryTest]
16:08:51.455 [Test worker] DEBUG org.springframework.test.context.support.AbstractDirtiesContextTestExecutionListener - Before test class: context [DefaultTestContext@7cdc80bb testClass = PostsRepositoryTest, testInstance = [null], testMethod = [null], testException = [null], mergedContextConfiguration = [WebMergedContextConfiguration@33a05c60 testClass = PostsRepositoryTest, locations = '{}', classes = '{class com.suuding.springboot.Application}', contextInitializerClasses = '[]', activeProfiles = '{}', propertySourceLocations = '{}', propertySourceProperties = '{org.springframework.boot.test.context.SpringBootTestContextBootstrapper=true}', contextCustomizers = set[org.springframework.boot.test.autoconfigure.properties.PropertyMappingContextCustomizer@0, org.springframework.boot.test.autoconfigure.web.servlet.WebDriverContextCustomizerFactory$Customizer@5b6adca6, org.springframework.boot.test.context.filter.ExcludeFilterContextCustomizer@3400d52a, org.springframework.boot.test.json.DuplicateJsonObjectContextCustomizerFactory$DuplicateJsonObjectContextCustomizer@7b79e4e3, org.springframework.boot.test.mock.mockito.MockitoContextCustomizer@0, org.springframework.boot.test.web.client.TestRestTemplateContextCustomizer@71360ae1], resourceBasePath = 'src/main/webapp', contextLoader = 'org.springframework.boot.test.context.SpringBootContextLoader', parent = [null]], attributes = map['org.springframework.test.context.web.ServletTestExecutionListener.activateListener' -> true]], class annotated with @DirtiesContext [false] with mode [null].
16:08:51.455 [Test worker] DEBUG org.springframework.test.annotation.ProfileValueUtils - Retrieved @ProfileValueSourceConfiguration [null] for test class [com.suuding.springboot.web.domain.posts.PostsRepositoryTest]
16:08:51.455 [Test worker] DEBUG org.springframework.test.annotation.ProfileValueUtils - Retrieved ProfileValueSource type [class org.springframework.test.annotation.SystemProfileValueSource] for class [com.suuding.springboot.web.domain.posts.PostsRepositoryTest]
16:08:51.485 [Test worker] DEBUG org.springframework.test.context.support.TestPropertySourceUtils - Adding inlined properties to environment: {spring.jmx.enabled=false, org.springframework.boot.test.context.SpringBootTestContextBootstrapper=true, server.port=-1}

  .   ____          _            __ _ _
 /\\ / ___'_ __ _ _(_)_ __  __ _ \ \ \ \
( ( )\___ | '_ | '_| | '_ \/ _` | \ \ \ \
 \\/  ___)| |_)| | | | | || (_| |  ) ) ) )
  '  |____| .__|_| |_|_| |_\__, | / / / /
 =========|_|==============|___/=/_/_/_/
 :: Spring Boot ::        (v2.1.7.RELEASE)

2023-02-01 16:08:51.779  INFO 15624 --- [    Test worker] c.s.s.w.d.posts.PostsRepositoryTest      : Starting PostsRepositoryTest on LAPTOP-DQO2HSF8 with PID 15624 (started by 82104 in C:\Users\82104\Desktop\정컴\2023_4학년\겨울방학\webpage)
2023-02-01 16:08:51.780  INFO 15624 --- [    Test worker] c.s.s.w.d.posts.PostsRepositoryTest      : No active profile set, falling back to default profiles: default
2023-02-01 16:08:52.847  INFO 15624 --- [    Test worker] .s.d.r.c.RepositoryConfigurationDelegate : Bootstrapping Spring Data repositories in DEFAULT mode.
2023-02-01 16:08:52.955  INFO 15624 --- [    Test worker] .s.d.r.c.RepositoryConfigurationDelegate : Finished Spring Data repository scanning in 99ms. Found 2 repository interfaces.
2023-02-01 16:08:53.583  INFO 15624 --- [    Test worker] trationDelegate$BeanPostProcessorChecker : Bean 'org.springframework.transaction.annotation.ProxyTransactionManagementConfiguration' of type [org.springframework.transaction.annotation.ProxyTransactionManagementConfiguration$$EnhancerBySpringCGLIB$$a55a5dfc] is not eligible for getting processed by all BeanPostProcessors (for example: not eligible for auto-proxying)
2023-02-01 16:08:53.845  INFO 15624 --- [    Test worker] com.zaxxer.hikari.HikariDataSource       : HikariPool-1 - Starting...
2023-02-01 16:08:54.052  INFO 15624 --- [    Test worker] com.zaxxer.hikari.HikariDataSource       : HikariPool-1 - Start completed.
2023-02-01 16:08:54.173  INFO 15624 --- [    Test worker] o.hibernate.jpa.internal.util.LogHelper  : HHH000204: Processing PersistenceUnitInfo [
	name: default
	...]
2023-02-01 16:08:54.276  INFO 15624 --- [    Test worker] org.hibernate.Version                    : HHH000412: Hibernate Core {5.3.10.Final}
2023-02-01 16:08:54.279  INFO 15624 --- [    Test worker] org.hibernate.cfg.Environment            : HHH000206: hibernate.properties not found
2023-02-01 16:08:54.486  INFO 15624 --- [    Test worker] o.hibernate.annotations.common.Version   : HCANN000001: Hibernate Commons Annotations {5.0.4.Final}
2023-02-01 16:08:54.698  INFO 15624 --- [    Test worker] org.hibernate.dialect.Dialect            : HHH000400: Using dialect: org.hibernate.dialect.MySQL5InnoDBDialect
Hibernate: drop table if exists posts
Hibernate: drop table if exists user
Hibernate: create table posts (id bigint not null auto_increment, created_date datetime, modified_date datetime, author varchar(255), content TEXT not null, title varchar(500) not null, primary key (id)) engine=InnoDB
Hibernate: create table user (id bigint not null auto_increment, created_date datetime, modified_date datetime, email varchar(255) not null, name varchar(255) not null, picture varchar(255), role varchar(255) not null, primary key (id)) engine=InnoDB
2023-02-01 16:08:55.540  INFO 15624 --- [    Test worker] o.h.t.schema.internal.SchemaCreatorImpl  : HHH000476: Executing import script 'org.hibernate.tool.schema.internal.exec.ScriptSourceInputNonExistentImpl@2cddcbc2'
2023-02-01 16:08:55.545  INFO 15624 --- [    Test worker] j.LocalContainerEntityManagerFactoryBean : Initialized JPA EntityManagerFactory for persistence unit 'default'
2023-02-01 16:08:56.248  INFO 15624 --- [    Test worker] o.h.h.i.QueryTranslatorFactoryInitiator  : HHH000397: Using ASTQueryTranslatorFactory
2023-02-01 16:08:56.875  INFO 15624 --- [    Test worker] o.s.s.web.DefaultSecurityFilterChain     : Creating filter chain: any request, [org.springframework.security.web.context.request.async.WebAsyncManagerIntegrationFilter@714b187a, org.springframework.security.web.context.SecurityContextPersistenceFilter@fc981d1, org.springframework.security.web.header.HeaderWriterFilter@50e4e3f0, org.springframework.security.web.authentication.logout.LogoutFilter@1fa56f5d, org.springframework.security.oauth2.client.web.OAuth2AuthorizationRequestRedirectFilter@17431d6f, org.springframework.security.oauth2.client.web.OAuth2LoginAuthenticationFilter@320ed44, org.springframework.security.web.authentication.ui.DefaultLoginPageGeneratingFilter@b93a7d1, org.springframework.security.web.authentication.ui.DefaultLogoutPageGeneratingFilter@3882f545, org.springframework.security.web.savedrequest.RequestCacheAwareFilter@100aca1c, org.springframework.security.web.servletapi.SecurityContextHolderAwareRequestFilter@16130aa9, org.springframework.security.web.authentication.AnonymousAuthenticationFilter@4594bae8, org.springframework.security.web.session.SessionManagementFilter@4db62d7, org.springframework.security.web.access.ExceptionTranslationFilter@38f2c3b1, org.springframework.security.web.access.intercept.FilterSecurityInterceptor@541a032]
2023-02-01 16:08:57.681  INFO 15624 --- [    Test worker] o.s.s.concurrent.ThreadPoolTaskExecutor  : Initializing ExecutorService 'applicationTaskExecutor'
2023-02-01 16:08:57.778  WARN 15624 --- [    Test worker] aWebConfiguration$JpaWebMvcConfiguration : spring.jpa.open-in-view is enabled by default. Therefore, database queries may be performed during view rendering. Explicitly configure spring.jpa.open-in-view to disable this warning
2023-02-01 16:08:57.867  INFO 15624 --- [    Test worker] o.s.b.a.w.s.WelcomePageHandlerMapping    : Adding welcome page template: index
2023-02-01 16:08:58.586  INFO 15624 --- [    Test worker] s.a.ScheduledAnnotationBeanPostProcessor : No TaskScheduler/ScheduledExecutorService bean found for scheduled processing
2023-02-01 16:08:58.606  INFO 15624 --- [    Test worker] c.s.s.w.d.posts.PostsRepositoryTest      : Started PostsRepositoryTest in 7.107 seconds (JVM running for 8.534)
Hibernate: insert into posts (created_date, modified_date, author, content, title) values (?, ?, ?, ?, ?)
Hibernate: select posts0_.id as id1_0_, posts0_.created_date as created_2_0_, posts0_.modified_date as modified3_0_, posts0_.author as author4_0_, posts0_.content as content5_0_, posts0_.title as title6_0_ from posts posts0_
Hibernate: select posts0_.id as id1_0_, posts0_.created_date as created_2_0_, posts0_.modified_date as modified3_0_, posts0_.author as author4_0_, posts0_.content as content5_0_, posts0_.title as title6_0_ from posts posts0_
Hibernate: delete from posts where id=?
Hibernate: insert into posts (created_date, modified_date, author, content, title) values (?, ?, ?, ?, ?)
Hibernate: select posts0_.id as id1_0_, posts0_.created_date as created_2_0_, posts0_.modified_date as modified3_0_, posts0_.author as author4_0_, posts0_.content as content5_0_, posts0_.title as title6_0_ from posts posts0_
>>>> createDate=2023-02-01T16:08:58.918917, modifiedDate=2023-02-01T16:08:58.918917
Hibernate: select posts0_.id as id1_0_, posts0_.created_date as created_2_0_, posts0_.modified_date as modified3_0_, posts0_.author as author4_0_, posts0_.content as content5_0_, posts0_.title as title6_0_ from posts posts0_
Hibernate: delete from posts where id=?
]]></system-out>
  <system-err><![CDATA[]]></system-err>
</testsuite>
