<?xml version="1.0" encoding="UTF-8"?>
<testsuite name="com.suuding.springboot.web.domain.posts.PostsRepositoryTest" tests="2" skipped="0" failures="0" errors="0" timestamp="2023-02-07T08:17:35" hostname="LAPTOP-DQO2HSF8" time="0.321">
  <properties/>
  <testcase name="게시글저장_불러오기" classname="com.suuding.springboot.web.domain.posts.PostsRepositoryTest" time="0.311"/>
  <testcase name="BaseTimeEntity_등록" classname="com.suuding.springboot.web.domain.posts.PostsRepositoryTest" time="0.01"/>
  <system-out><![CDATA[17:17:27.277 [Test worker] DEBUG org.springframework.test.context.junit4.SpringJUnit4ClassRunner - SpringJUnit4ClassRunner constructor called with [class com.suuding.springboot.web.domain.posts.PostsRepositoryTest]
17:17:27.286 [Test worker] DEBUG org.springframework.test.context.BootstrapUtils - Instantiating CacheAwareContextLoaderDelegate from class [org.springframework.test.context.cache.DefaultCacheAwareContextLoaderDelegate]
17:17:27.297 [Test worker] DEBUG org.springframework.test.context.BootstrapUtils - Instantiating BootstrapContext using constructor [public org.springframework.test.context.support.DefaultBootstrapContext(java.lang.Class,org.springframework.test.context.CacheAwareContextLoaderDelegate)]
17:17:27.314 [Test worker] DEBUG org.springframework.test.context.BootstrapUtils - Instantiating TestContextBootstrapper for test class [com.suuding.springboot.web.domain.posts.PostsRepositoryTest] from class [org.springframework.boot.test.context.SpringBootTestContextBootstrapper]
17:17:27.328 [Test worker] INFO org.springframework.boot.test.context.SpringBootTestContextBootstrapper - Neither @ContextConfiguration nor @ContextHierarchy found for test class [com.suuding.springboot.web.domain.posts.PostsRepositoryTest], using SpringBootContextLoader
17:17:27.333 [Test worker] DEBUG org.springframework.test.context.support.AbstractContextLoader - Did not detect default resource location for test class [com.suuding.springboot.web.domain.posts.PostsRepositoryTest]: class path resource [com/suuding/springboot/web/domain/posts/PostsRepositoryTest-context.xml] does not exist
17:17:27.334 [Test worker] DEBUG org.springframework.test.context.support.AbstractContextLoader - Did not detect default resource location for test class [com.suuding.springboot.web.domain.posts.PostsRepositoryTest]: class path resource [com/suuding/springboot/web/domain/posts/PostsRepositoryTestContext.groovy] does not exist
17:17:27.334 [Test worker] INFO org.springframework.test.context.support.AbstractContextLoader - Could not detect default resource locations for test class [com.suuding.springboot.web.domain.posts.PostsRepositoryTest]: no resource found for suffixes {-context.xml, Context.groovy}.
17:17:27.335 [Test worker] INFO org.springframework.test.context.support.AnnotationConfigContextLoaderUtils - Could not detect default configuration classes for test class [com.suuding.springboot.web.domain.posts.PostsRepositoryTest]: PostsRepositoryTest does not declare any static, non-private, non-final, nested classes annotated with @Configuration.
17:17:27.384 [Test worker] DEBUG org.springframework.test.context.support.ActiveProfilesUtils - Could not find an 'annotation declaring class' for annotation type [org.springframework.test.context.ActiveProfiles] and class [com.suuding.springboot.web.domain.posts.PostsRepositoryTest]
17:17:27.508 [Test worker] DEBUG org.springframework.context.annotation.ClassPathScanningCandidateComponentProvider - Identified candidate component class: file [C:\Users\82104\Desktop\정컴\2023_4학년\겨울방학\webpage\build\classes\java\main\com\suuding\springboot\Application.class]
17:17:27.508 [Test worker] INFO org.springframework.boot.test.context.SpringBootTestContextBootstrapper - Found @SpringBootConfiguration com.suuding.springboot.Application for test class com.suuding.springboot.web.domain.posts.PostsRepositoryTest
17:17:27.633 [Test worker] DEBUG org.springframework.boot.test.context.SpringBootTestContextBootstrapper - @TestExecutionListeners is not present for class [com.suuding.springboot.web.domain.posts.PostsRepositoryTest]: using defaults.
17:17:27.634 [Test worker] INFO org.springframework.boot.test.context.SpringBootTestContextBootstrapper - Loaded default TestExecutionListener class names from location [META-INF/spring.factories]: [org.springframework.security.test.context.support.WithSecurityContextTestExecutionListener, org.springframework.security.test.context.support.ReactorContextTestExecutionListener, org.springframework.boot.test.autoconfigure.restdocs.RestDocsTestExecutionListener, org.springframework.boot.test.autoconfigure.web.client.MockRestServiceServerResetTestExecutionListener, org.springframework.boot.test.autoconfigure.web.servlet.MockMvcPrintOnlyOnFailureTestExecutionListener, org.springframework.boot.test.autoconfigure.web.servlet.WebDriverTestExecutionListener, org.springframework.boot.test.mock.mockito.MockitoTestExecutionListener, org.springframework.boot.test.mock.mockito.ResetMocksTestExecutionListener, org.springframework.test.context.web.ServletTestExecutionListener, org.springframework.test.context.support.DirtiesContextBeforeModesTestExecutionListener, org.springframework.test.context.support.DependencyInjectionTestExecutionListener, org.springframework.test.context.support.DirtiesContextTestExecutionListener, org.springframework.test.context.transaction.TransactionalTestExecutionListener, org.springframework.test.context.jdbc.SqlScriptsTestExecutionListener]
17:17:27.660 [Test worker] INFO org.springframework.boot.test.context.SpringBootTestContextBootstrapper - Using TestExecutionListeners: [org.springframework.test.context.web.ServletTestExecutionListener@5c2b42e7, org.springframework.test.context.support.DirtiesContextBeforeModesTestExecutionListener@39376a33, org.springframework.boot.test.mock.mockito.MockitoTestExecutionListener@3d83cae5, org.springframework.boot.test.autoconfigure.SpringBootDependencyInjectionTestExecutionListener@60dfd603, org.springframework.test.context.support.DirtiesContextTestExecutionListener@66659c85, org.springframework.test.context.transaction.TransactionalTestExecutionListener@64011488, org.springframework.test.context.jdbc.SqlScriptsTestExecutionListener@47763e0f, org.springframework.security.test.context.support.WithSecurityContextTestExecutionListener@5987972c, org.springframework.security.test.context.support.ReactorContextTestExecutionListener@13ccb92d, org.springframework.boot.test.autoconfigure.restdocs.RestDocsTestExecutionListener@7f854a88, org.springframework.boot.test.autoconfigure.web.client.MockRestServiceServerResetTestExecutionListener@9f59531, org.springframework.boot.test.autoconfigure.web.servlet.MockMvcPrintOnlyOnFailureTestExecutionListener@6c2e5dd4, org.springframework.boot.test.autoconfigure.web.servlet.WebDriverTestExecutionListener@1a5d94ad, org.springframework.boot.test.mock.mockito.ResetMocksTestExecutionListener@4f595c64]
17:17:27.664 [Test worker] DEBUG org.springframework.test.annotation.ProfileValueUtils - Retrieved @ProfileValueSourceConfiguration [null] for test class [com.suuding.springboot.web.domain.posts.PostsRepositoryTest]
17:17:27.665 [Test worker] DEBUG org.springframework.test.annotation.ProfileValueUtils - Retrieved ProfileValueSource type [class org.springframework.test.annotation.SystemProfileValueSource] for class [com.suuding.springboot.web.domain.posts.PostsRepositoryTest]
17:17:27.666 [Test worker] DEBUG org.springframework.test.annotation.ProfileValueUtils - Retrieved @ProfileValueSourceConfiguration [null] for test class [com.suuding.springboot.web.domain.posts.PostsRepositoryTest]
17:17:27.666 [Test worker] DEBUG org.springframework.test.annotation.ProfileValueUtils - Retrieved ProfileValueSource type [class org.springframework.test.annotation.SystemProfileValueSource] for class [com.suuding.springboot.web.domain.posts.PostsRepositoryTest]
17:17:27.670 [Test worker] DEBUG org.springframework.test.context.support.AbstractDirtiesContextTestExecutionListener - Before test class: context [DefaultTestContext@473f808e testClass = PostsRepositoryTest, testInstance = [null], testMethod = [null], testException = [null], mergedContextConfiguration = [WebMergedContextConfiguration@2b194163 testClass = PostsRepositoryTest, locations = '{}', classes = '{class com.suuding.springboot.Application}', contextInitializerClasses = '[]', activeProfiles = '{}', propertySourceLocations = '{}', propertySourceProperties = '{org.springframework.boot.test.context.SpringBootTestContextBootstrapper=true}', contextCustomizers = set[org.springframework.boot.test.autoconfigure.properties.PropertyMappingContextCustomizer@0, org.springframework.boot.test.autoconfigure.web.servlet.WebDriverContextCustomizerFactory$Customizer@791f2eea, org.springframework.boot.test.context.filter.ExcludeFilterContextCustomizer@4c6f87b9, org.springframework.boot.test.json.DuplicateJsonObjectContextCustomizerFactory$DuplicateJsonObjectContextCustomizer@56f49af7, org.springframework.boot.test.mock.mockito.MockitoContextCustomizer@0, org.springframework.boot.test.web.client.TestRestTemplateContextCustomizer@5414baed], resourceBasePath = 'src/main/webapp', contextLoader = 'org.springframework.boot.test.context.SpringBootContextLoader', parent = [null]], attributes = map['org.springframework.test.context.web.ServletTestExecutionListener.activateListener' -> true]], class annotated with @DirtiesContext [false] with mode [null].
17:17:27.672 [Test worker] DEBUG org.springframework.test.annotation.ProfileValueUtils - Retrieved @ProfileValueSourceConfiguration [null] for test class [com.suuding.springboot.web.domain.posts.PostsRepositoryTest]
17:17:27.672 [Test worker] DEBUG org.springframework.test.annotation.ProfileValueUtils - Retrieved ProfileValueSource type [class org.springframework.test.annotation.SystemProfileValueSource] for class [com.suuding.springboot.web.domain.posts.PostsRepositoryTest]
17:17:27.705 [Test worker] DEBUG org.springframework.test.context.support.TestPropertySourceUtils - Adding inlined properties to environment: {spring.jmx.enabled=false, org.springframework.boot.test.context.SpringBootTestContextBootstrapper=true, server.port=-1}

  .   ____          _            __ _ _
 /\\ / ___'_ __ _ _(_)_ __  __ _ \ \ \ \
( ( )\___ | '_ | '_| | '_ \/ _` | \ \ \ \
 \\/  ___)| |_)| | | | | || (_| |  ) ) ) )
  '  |____| .__|_| |_|_| |_\__, | / / / /
 =========|_|==============|___/=/_/_/_/
 :: Spring Boot ::        (v2.1.7.RELEASE)

2023-02-07 17:17:28.059  INFO 26996 --- [    Test worker] c.s.s.w.d.posts.PostsRepositoryTest      : Starting PostsRepositoryTest on LAPTOP-DQO2HSF8 with PID 26996 (started by 82104 in C:\Users\82104\Desktop\정컴\2023_4학년\겨울방학\webpage)
2023-02-07 17:17:28.061  INFO 26996 --- [    Test worker] c.s.s.w.d.posts.PostsRepositoryTest      : No active profile set, falling back to default profiles: default
2023-02-07 17:17:29.326  INFO 26996 --- [    Test worker] .s.d.r.c.RepositoryConfigurationDelegate : Bootstrapping Spring Data repositories in DEFAULT mode.
2023-02-07 17:17:29.436  INFO 26996 --- [    Test worker] .s.d.r.c.RepositoryConfigurationDelegate : Finished Spring Data repository scanning in 99ms. Found 2 repository interfaces.
2023-02-07 17:17:30.091  INFO 26996 --- [    Test worker] trationDelegate$BeanPostProcessorChecker : Bean 'org.springframework.transaction.annotation.ProxyTransactionManagementConfiguration' of type [org.springframework.transaction.annotation.ProxyTransactionManagementConfiguration$$EnhancerBySpringCGLIB$$e7fcb2a8] is not eligible for getting processed by all BeanPostProcessors (for example: not eligible for auto-proxying)
2023-02-07 17:17:30.347  INFO 26996 --- [    Test worker] com.zaxxer.hikari.HikariDataSource       : HikariPool-1 - Starting...
2023-02-07 17:17:30.562  INFO 26996 --- [    Test worker] com.zaxxer.hikari.HikariDataSource       : HikariPool-1 - Start completed.
2023-02-07 17:17:30.711  INFO 26996 --- [    Test worker] o.hibernate.jpa.internal.util.LogHelper  : HHH000204: Processing PersistenceUnitInfo [
	name: default
	...]
2023-02-07 17:17:30.826  INFO 26996 --- [    Test worker] org.hibernate.Version                    : HHH000412: Hibernate Core {5.3.10.Final}
2023-02-07 17:17:30.829  INFO 26996 --- [    Test worker] org.hibernate.cfg.Environment            : HHH000206: hibernate.properties not found
2023-02-07 17:17:31.094  INFO 26996 --- [    Test worker] o.hibernate.annotations.common.Version   : HCANN000001: Hibernate Commons Annotations {5.0.4.Final}
2023-02-07 17:17:31.338  INFO 26996 --- [    Test worker] org.hibernate.dialect.Dialect            : HHH000400: Using dialect: org.hibernate.dialect.MySQL5InnoDBDialect
Hibernate: drop table if exists posts
Hibernate: drop table if exists user
Hibernate: create table posts (id bigint not null auto_increment, created_date datetime, modified_date datetime, author varchar(255), content TEXT not null, title varchar(500) not null, primary key (id)) engine=InnoDB
Hibernate: create table user (id bigint not null auto_increment, created_date datetime, modified_date datetime, email varchar(255) not null, name varchar(255) not null, picture varchar(255), role varchar(255) not null, primary key (id)) engine=InnoDB
2023-02-07 17:17:32.282  INFO 26996 --- [    Test worker] o.h.t.schema.internal.SchemaCreatorImpl  : HHH000476: Executing import script 'org.hibernate.tool.schema.internal.exec.ScriptSourceInputNonExistentImpl@470d0bb5'
2023-02-07 17:17:32.286  INFO 26996 --- [    Test worker] j.LocalContainerEntityManagerFactoryBean : Initialized JPA EntityManagerFactory for persistence unit 'default'
2023-02-07 17:17:32.987  INFO 26996 --- [    Test worker] o.h.h.i.QueryTranslatorFactoryInitiator  : HHH000397: Using ASTQueryTranslatorFactory
2023-02-07 17:17:33.608  INFO 26996 --- [    Test worker] o.s.s.web.DefaultSecurityFilterChain     : Creating filter chain: any request, [org.springframework.security.web.context.request.async.WebAsyncManagerIntegrationFilter@2ce63646, org.springframework.security.web.context.SecurityContextPersistenceFilter@24b7d31d, org.springframework.security.web.header.HeaderWriterFilter@16d0e72b, org.springframework.security.web.authentication.logout.LogoutFilter@333fa046, org.springframework.security.oauth2.client.web.OAuth2AuthorizationRequestRedirectFilter@5d0d5e22, org.springframework.security.oauth2.client.web.OAuth2LoginAuthenticationFilter@2567b33f, org.springframework.security.web.authentication.ui.DefaultLoginPageGeneratingFilter@6a327a38, org.springframework.security.web.authentication.ui.DefaultLogoutPageGeneratingFilter@1cd70b5b, org.springframework.security.web.savedrequest.RequestCacheAwareFilter@2bba99a9, org.springframework.security.web.servletapi.SecurityContextHolderAwareRequestFilter@7a8ae55c, org.springframework.security.web.authentication.AnonymousAuthenticationFilter@5a957eb2, org.springframework.security.web.session.SessionManagementFilter@67b3f180, org.springframework.security.web.access.ExceptionTranslationFilter@1a9488a4, org.springframework.security.web.access.intercept.FilterSecurityInterceptor@612f14d4]
2023-02-07 17:17:34.394  INFO 26996 --- [    Test worker] o.s.s.concurrent.ThreadPoolTaskExecutor  : Initializing ExecutorService 'applicationTaskExecutor'
2023-02-07 17:17:34.486  WARN 26996 --- [    Test worker] aWebConfiguration$JpaWebMvcConfiguration : spring.jpa.open-in-view is enabled by default. Therefore, database queries may be performed during view rendering. Explicitly configure spring.jpa.open-in-view to disable this warning
2023-02-07 17:17:34.557  INFO 26996 --- [    Test worker] o.s.b.a.w.s.WelcomePageHandlerMapping    : Adding welcome page: class path resource [static/index.html]
2023-02-07 17:17:35.342  INFO 26996 --- [    Test worker] s.a.ScheduledAnnotationBeanPostProcessor : No TaskScheduler/ScheduledExecutorService bean found for scheduled processing
2023-02-07 17:17:35.362  INFO 26996 --- [    Test worker] c.s.s.w.d.posts.PostsRepositoryTest      : Started PostsRepositoryTest in 7.642 seconds (JVM running for 9.767)
Hibernate: insert into posts (created_date, modified_date, author, content, title) values (?, ?, ?, ?, ?)
Hibernate: select posts0_.id as id1_0_, posts0_.created_date as created_2_0_, posts0_.modified_date as modified3_0_, posts0_.author as author4_0_, posts0_.content as content5_0_, posts0_.title as title6_0_ from posts posts0_
Hibernate: select posts0_.id as id1_0_, posts0_.created_date as created_2_0_, posts0_.modified_date as modified3_0_, posts0_.author as author4_0_, posts0_.content as content5_0_, posts0_.title as title6_0_ from posts posts0_
Hibernate: delete from posts where id=?
Hibernate: insert into posts (created_date, modified_date, author, content, title) values (?, ?, ?, ?, ?)
Hibernate: select posts0_.id as id1_0_, posts0_.created_date as created_2_0_, posts0_.modified_date as modified3_0_, posts0_.author as author4_0_, posts0_.content as content5_0_, posts0_.title as title6_0_ from posts posts0_
>>>> createDate=2023-02-07T17:17:35.701813, modifiedDate=2023-02-07T17:17:35.701813
Hibernate: select posts0_.id as id1_0_, posts0_.created_date as created_2_0_, posts0_.modified_date as modified3_0_, posts0_.author as author4_0_, posts0_.content as content5_0_, posts0_.title as title6_0_ from posts posts0_
Hibernate: delete from posts where id=?
]]></system-out>
  <system-err><![CDATA[]]></system-err>
</testsuite>
