<?xml version="1.0" encoding="UTF-8"?>
<testsuite name="com.suuding.springboot.web.IndexControllerTest" tests="1" skipped="0" failures="0" errors="0" timestamp="2023-02-07T08:17:39" hostname="LAPTOP-DQO2HSF8" time="0.188">
  <properties/>
  <testcase name="메인페이지_로딩" classname="com.suuding.springboot.web.IndexControllerTest" time="0.188"/>
  <system-out><![CDATA[2023-02-07 17:17:37.108  INFO 26996 --- [    Test worker] .b.t.c.SpringBootTestContextBootstrapper : Neither @ContextConfiguration nor @ContextHierarchy found for test class [com.suuding.springboot.web.IndexControllerTest], using SpringBootContextLoader
2023-02-07 17:17:37.109  INFO 26996 --- [    Test worker] o.s.t.c.support.AbstractContextLoader    : Could not detect default resource locations for test class [com.suuding.springboot.web.IndexControllerTest]: no resource found for suffixes {-context.xml, Context.groovy}.
2023-02-07 17:17:37.110  INFO 26996 --- [    Test worker] t.c.s.AnnotationConfigContextLoaderUtils : Could not detect default configuration classes for test class [com.suuding.springboot.web.IndexControllerTest]: IndexControllerTest does not declare any static, non-private, non-final, nested classes annotated with @Configuration.
2023-02-07 17:17:37.111  INFO 26996 --- [    Test worker] .b.t.c.SpringBootTestContextBootstrapper : Found @SpringBootConfiguration com.suuding.springboot.Application for test class com.suuding.springboot.web.IndexControllerTest
2023-02-07 17:17:37.113  INFO 26996 --- [    Test worker] .b.t.c.SpringBootTestContextBootstrapper : Loaded default TestExecutionListener class names from location [META-INF/spring.factories]: [org.springframework.security.test.context.support.WithSecurityContextTestExecutionListener, org.springframework.security.test.context.support.ReactorContextTestExecutionListener, org.springframework.boot.test.autoconfigure.restdocs.RestDocsTestExecutionListener, org.springframework.boot.test.autoconfigure.web.client.MockRestServiceServerResetTestExecutionListener, org.springframework.boot.test.autoconfigure.web.servlet.MockMvcPrintOnlyOnFailureTestExecutionListener, org.springframework.boot.test.autoconfigure.web.servlet.WebDriverTestExecutionListener, org.springframework.boot.test.mock.mockito.MockitoTestExecutionListener, org.springframework.boot.test.mock.mockito.ResetMocksTestExecutionListener, org.springframework.test.context.web.ServletTestExecutionListener, org.springframework.test.context.support.DirtiesContextBeforeModesTestExecutionListener, org.springframework.test.context.support.DependencyInjectionTestExecutionListener, org.springframework.test.context.support.DirtiesContextTestExecutionListener, org.springframework.test.context.transaction.TransactionalTestExecutionListener, org.springframework.test.context.jdbc.SqlScriptsTestExecutionListener]
2023-02-07 17:17:37.114  INFO 26996 --- [    Test worker] .b.t.c.SpringBootTestContextBootstrapper : Using TestExecutionListeners: [org.springframework.test.context.web.ServletTestExecutionListener@32ac336e, org.springframework.test.context.support.DirtiesContextBeforeModesTestExecutionListener@1650406e, org.springframework.boot.test.mock.mockito.MockitoTestExecutionListener@605e134d, org.springframework.boot.test.autoconfigure.SpringBootDependencyInjectionTestExecutionListener@1fc843ff, org.springframework.test.context.support.DirtiesContextTestExecutionListener@4cac342b, org.springframework.test.context.transaction.TransactionalTestExecutionListener@586b5ee0, org.springframework.test.context.jdbc.SqlScriptsTestExecutionListener@48bffadb, org.springframework.security.test.context.support.WithSecurityContextTestExecutionListener@15358f88, org.springframework.security.test.context.support.ReactorContextTestExecutionListener@3815fc69, org.springframework.boot.test.autoconfigure.restdocs.RestDocsTestExecutionListener@3a0b29d5, org.springframework.boot.test.autoconfigure.web.client.MockRestServiceServerResetTestExecutionListener@d55656d, org.springframework.boot.test.autoconfigure.web.servlet.MockMvcPrintOnlyOnFailureTestExecutionListener@3425e280, org.springframework.boot.test.autoconfigure.web.servlet.WebDriverTestExecutionListener@23c4a6d9, org.springframework.boot.test.mock.mockito.ResetMocksTestExecutionListener@40e266f5]

  .   ____          _            __ _ _
 /\\ / ___'_ __ _ _(_)_ __  __ _ \ \ \ \
( ( )\___ | '_ | '_| | '_ \/ _` | \ \ \ \
 \\/  ___)| |_)| | | | | || (_| |  ) ) ) )
  '  |____| .__|_| |_|_| |_\__, | / / / /
 =========|_|==============|___/=/_/_/_/
 :: Spring Boot ::        (v2.1.7.RELEASE)

2023-02-07 17:17:37.164  INFO 26996 --- [    Test worker] c.s.springboot.web.IndexControllerTest   : Starting IndexControllerTest on LAPTOP-DQO2HSF8 with PID 26996 (started by 82104 in C:\Users\82104\Desktop\정컴\2023_4학년\겨울방학\webpage)
2023-02-07 17:17:37.164  INFO 26996 --- [    Test worker] c.s.springboot.web.IndexControllerTest   : No active profile set, falling back to default profiles: default
2023-02-07 17:17:37.472  INFO 26996 --- [    Test worker] .s.d.r.c.RepositoryConfigurationDelegate : Bootstrapping Spring Data repositories in DEFAULT mode.
2023-02-07 17:17:37.521  INFO 26996 --- [    Test worker] .s.d.r.c.RepositoryConfigurationDelegate : Finished Spring Data repository scanning in 49ms. Found 2 repository interfaces.
2023-02-07 17:17:37.624  INFO 26996 --- [    Test worker] trationDelegate$BeanPostProcessorChecker : Bean 'org.springframework.transaction.annotation.ProxyTransactionManagementConfiguration' of type [org.springframework.transaction.annotation.ProxyTransactionManagementConfiguration$$EnhancerBySpringCGLIB$$e7fcb2a8] is not eligible for getting processed by all BeanPostProcessors (for example: not eligible for auto-proxying)
2023-02-07 17:17:37.957  INFO 26996 --- [    Test worker] o.s.b.w.embedded.tomcat.TomcatWebServer  : Tomcat initialized with port(s): 0 (http)
2023-02-07 17:17:37.995  INFO 26996 --- [    Test worker] o.apache.catalina.core.StandardService   : Starting service [Tomcat]
2023-02-07 17:17:37.996  INFO 26996 --- [    Test worker] org.apache.catalina.core.StandardEngine  : Starting Servlet engine: [Apache Tomcat/9.0.22]
2023-02-07 17:17:38.238  INFO 26996 --- [    Test worker] o.a.c.c.C.[Tomcat].[localhost].[/]       : Initializing Spring embedded WebApplicationContext
2023-02-07 17:17:38.238  INFO 26996 --- [    Test worker] o.s.web.context.ContextLoader            : Root WebApplicationContext: initialization completed in 1069 ms
2023-02-07 17:17:38.440  INFO 26996 --- [    Test worker] com.zaxxer.hikari.HikariDataSource       : HikariPool-2 - Starting...
2023-02-07 17:17:38.442  INFO 26996 --- [    Test worker] com.zaxxer.hikari.HikariDataSource       : HikariPool-2 - Start completed.
2023-02-07 17:17:38.488  INFO 26996 --- [    Test worker] o.hibernate.jpa.internal.util.LogHelper  : HHH000204: Processing PersistenceUnitInfo [
	name: default
	...]
2023-02-07 17:17:38.502  INFO 26996 --- [    Test worker] org.hibernate.dialect.Dialect            : HHH000400: Using dialect: org.hibernate.dialect.MySQL5InnoDBDialect
Hibernate: drop table if exists posts
Hibernate: drop table if exists user
Hibernate: create table posts (id bigint not null auto_increment, created_date datetime, modified_date datetime, author varchar(255), content TEXT not null, title varchar(500) not null, primary key (id)) engine=InnoDB
Hibernate: create table user (id bigint not null auto_increment, created_date datetime, modified_date datetime, email varchar(255) not null, name varchar(255) not null, picture varchar(255), role varchar(255) not null, primary key (id)) engine=InnoDB
2023-02-07 17:17:38.563  INFO 26996 --- [    Test worker] o.h.t.schema.internal.SchemaCreatorImpl  : HHH000476: Executing import script 'org.hibernate.tool.schema.internal.exec.ScriptSourceInputNonExistentImpl@470d0bb5'
2023-02-07 17:17:38.564  INFO 26996 --- [    Test worker] j.LocalContainerEntityManagerFactoryBean : Initialized JPA EntityManagerFactory for persistence unit 'default'
2023-02-07 17:17:38.876  INFO 26996 --- [    Test worker] o.h.h.i.QueryTranslatorFactoryInitiator  : HHH000397: Using ASTQueryTranslatorFactory
2023-02-07 17:17:39.050  INFO 26996 --- [    Test worker] o.s.s.web.DefaultSecurityFilterChain     : Creating filter chain: any request, [org.springframework.security.web.context.request.async.WebAsyncManagerIntegrationFilter@7594fa65, org.springframework.security.web.context.SecurityContextPersistenceFilter@54c77cf6, org.springframework.security.web.header.HeaderWriterFilter@3219fd1d, org.springframework.security.web.authentication.logout.LogoutFilter@973fe3, org.springframework.security.oauth2.client.web.OAuth2AuthorizationRequestRedirectFilter@504d697d, org.springframework.security.oauth2.client.web.OAuth2LoginAuthenticationFilter@4ca7a552, org.springframework.security.web.authentication.ui.DefaultLoginPageGeneratingFilter@6fd8ce22, org.springframework.security.web.authentication.ui.DefaultLogoutPageGeneratingFilter@51c1c020, org.springframework.security.web.savedrequest.RequestCacheAwareFilter@6faf5999, org.springframework.security.web.servletapi.SecurityContextHolderAwareRequestFilter@1223a064, org.springframework.security.web.authentication.AnonymousAuthenticationFilter@6afc5de4, org.springframework.security.web.session.SessionManagementFilter@74513af8, org.springframework.security.web.access.ExceptionTranslationFilter@26f3a40b, org.springframework.security.web.access.intercept.FilterSecurityInterceptor@66585532]
2023-02-07 17:17:39.265  INFO 26996 --- [    Test worker] o.s.s.concurrent.ThreadPoolTaskExecutor  : Initializing ExecutorService 'applicationTaskExecutor'
2023-02-07 17:17:39.278  WARN 26996 --- [    Test worker] aWebConfiguration$JpaWebMvcConfiguration : spring.jpa.open-in-view is enabled by default. Therefore, database queries may be performed during view rendering. Explicitly configure spring.jpa.open-in-view to disable this warning
2023-02-07 17:17:39.306  INFO 26996 --- [    Test worker] o.s.b.a.w.s.WelcomePageHandlerMapping    : Adding welcome page: class path resource [static/index.html]
2023-02-07 17:17:39.606  INFO 26996 --- [    Test worker] s.a.ScheduledAnnotationBeanPostProcessor : No TaskScheduler/ScheduledExecutorService bean found for scheduled processing
2023-02-07 17:17:39.625  INFO 26996 --- [    Test worker] o.s.b.w.embedded.tomcat.TomcatWebServer  : Tomcat started on port(s): 64782 (http) with context path ''
2023-02-07 17:17:39.626  INFO 26996 --- [    Test worker] c.s.springboot.web.IndexControllerTest   : Started IndexControllerTest in 2.51 seconds (JVM running for 14.032)
2023-02-07 17:17:39.726  INFO 26996 --- [o-auto-1-exec-1] o.a.c.c.C.[Tomcat].[localhost].[/]       : Initializing Spring DispatcherServlet 'dispatcherServlet'
2023-02-07 17:17:39.726  INFO 26996 --- [o-auto-1-exec-1] o.s.web.servlet.DispatcherServlet        : Initializing Servlet 'dispatcherServlet'
2023-02-07 17:17:39.745  INFO 26996 --- [o-auto-1-exec-1] o.s.web.servlet.DispatcherServlet        : Completed initialization in 19 ms
Hibernate: select posts0_.id as id1_0_, posts0_.created_date as created_2_0_, posts0_.modified_date as modified3_0_, posts0_.author as author4_0_, posts0_.content as content5_0_, posts0_.title as title6_0_ from posts posts0_ order by posts0_.id DESC
]]></system-out>
  <system-err><![CDATA[]]></system-err>
</testsuite>
