<?xml version="1.0" encoding="UTF-8"?>
<testsuite name="com.suuding.springboot.web.Dto.HelloResponseDtoTest" tests="1" skipped="0" failures="0" errors="0" timestamp="2023-02-07T08:17:35" hostname="LAPTOP-DQO2HSF8" time="0.002">
  <properties/>
  <testcase name="롬복_기능_테스트" classname="com.suuding.springboot.web.Dto.HelloResponseDtoTest" time="0.002"/>
  <system-out><![CDATA[]]></system-out>
  <system-err><![CDATA[]]></system-err>
</testsuite>
